<?xml version="1.0" encoding="UTF-8"?>
<testsuites>
  <testsuite name="Api_test" file="/Applications/XAMPP/xamppfiles/htdocs/ajul-webinit/application/tests/controllers/Api_test.php" fullPackage="Api" tests="2" assertions="3" failures="0" errors="0" time="0.020427">
    <testcase name="test_login_post" class="Api_test" file="/Applications/XAMPP/xamppfiles/htdocs/ajul-webinit/application/tests/controllers/Api_test.php" line="14" assertions="2" time="0.016294"/>
    <testcase name="test_register_post" class="Api_test" file="/Applications/XAMPP/xamppfiles/htdocs/ajul-webinit/application/tests/controllers/Api_test.php" line="46" assertions="1" time="0.004133"/>
  </testsuite>
</testsuites>
